IOException
Aug 21, 2015 4:11:23 PM loadgen.Workers run
SEVERE: null
java.io.IOException: Server returned HTTP response code: 412 for URL: http://rmfopendj0.cloudapp.net:8080/users/iuser.1
	at sun.net.www.protocol.http.HttpURLConnection.getInputStream0(HttpURLConnection.java:1838)
	at sun.net.www.protocol.http.HttpURLConnection.getInputStream(HttpURLConnection.java:1439)
	at loadgen.Workers.run(Workers.java:225)

IOException
Aug 21, 2015 4:11:23 PM loadgen.Workers run
SEVERE: null
java.io.IOException: Server returned HTTP response code: 412 for URL: http://rmfopendj0.cloudapp.net:8080/users/iuser.2
	at sun.net.www.protocol.http.HttpURLConnection.getInputStream0(HttpURLConnection.java:1838)
	at sun.net.www.protocol.http.HttpURLConnection.getInputStream(HttpURLConnection.java:1439)
	at loadgen.Workers.run(Workers.java:225)

IOException
Aug 21, 2015 4:11:23 PM loadgen.Workers run
SEVERE: null
java.io.IOException: Server returned HTTP response code: 412 for URL: http://rmfopendj0.cloudapp.net:8080/users/iuser.3
	at sun.net.www.protocol.http.HttpURLConnection.getInputStream0(HttpURLConnection.java:1838)
	at sun.net.www.protocol.http.HttpURLConnection.getInputStream(HttpURLConnection.java:1439)
	at loadgen.Workers.run(Workers.java:225)

IOException
Aug 21, 2015 4:11:23 PM loadgen.Workers run
SEVERE: null
java.io.IOException: Server returned HTTP response code: 412 for URL: http://rmfopendj0.cloudapp.net:8080/users/iuser.4
	at sun.net.www.protocol.http.HttpURLConnection.getInputStream0(HttpURLConnection.java:1838)
	at sun.net.www.protocol.http.HttpURLConnection.getInputStream(HttpURLConnection.java:1439)
	at loadgen.Workers.run(Workers.java:225)

IOException
Aug 21, 2015 4:11:23 PM loadgen.Workers run
SEVERE: null
java.io.IOException: Server returned HTTP response code: 412 for URL: http://rmfopendj0.cloudapp.net:8080/users/iuser.5
	at sun.net.www.protocol.http.HttpURLConnection.getInputStream0(HttpURLConnection.java:1838)
	at sun.net.www.protocol.http.HttpURLConnection.getInputStream(HttpURLConnection.java:1439)
	at loadgen.Workers.run(Workers.java:225)

IOException
Aug 21, 2015 4:11:23 PM loadgen.Workers run
SEVERE: null
java.io.IOException: Server returned HTTP response code: 412 for URL: http://rmfopendj0.cloudapp.net:8080/users/iuser.6
	at sun.net.www.protocol.http.HttpURLConnection.getInputStream0(HttpURLConnection.java:1838)
	at sun.net.www.protocol.http.HttpURLConnection.getInputStream(HttpURLConnection.java:1439)
	at loadgen.Workers.run(Workers.java:225)

Aug 21, 2015 4:11:24 PM loadgen.Workers run
SEVERE: null
java.net.SocketTimeoutException: Read timed out
	at java.net.SocketInputStream.socketRead0(Native Method)
	at java.net.SocketInputStream.read(SocketInputStream.java:150)
	at java.net.SocketInputStream.read(SocketInputStream.java:121)
	at java.io.BufferedInputStream.fill(BufferedInputStream.java:246)
	at java.io.BufferedInputStream.read1(BufferedInputStream.java:286)
	at java.io.BufferedInputStream.read(BufferedInputStream.java:345)
	at sun.net.www.http.HttpClient.parseHTTPHeader(HttpClient.java:701)
	at sun.net.www.http.HttpClient.parseHTTP(HttpClient.java:647)
	at sun.net.www.protocol.http.HttpURLConnection.getInputStream0(HttpURLConnection.java:1534)
	at sun.net.www.protocol.http.HttpURLConnection.getInputStream(HttpURLConnection.java:1439)
	at loadgen.Workers.run(Workers.java:225)

Socket time out
IOException
Aug 21, 2015 4:11:25 PM loadgen.Workers run
SEVERE: null
java.io.IOException: Server returned HTTP response code: 412 for URL: http://rmfopendj0.cloudapp.net:8080/users/iuser.8
	at sun.net.www.protocol.http.HttpURLConnection.getInputStream0(HttpURLConnection.java:1838)
	at sun.net.www.protocol.http.HttpURLConnection.getInputStream(HttpURLConnection.java:1439)
	at loadgen.Workers.run(Workers.java:225)

IOException
Aug 21, 2015 4:11:25 PM loadgen.Workers run
SEVERE: null
java.io.IOException: Server returned HTTP response code: 412 for URL: http://rmfopendj0.cloudapp.net:8080/users/iuser.9
	at sun.net.www.protocol.http.HttpURLConnection.getInputStream0(HttpURLConnection.java:1838)
	at sun.net.www.protocol.http.HttpURLConnection.getInputStream(HttpURLConnection.java:1439)
	at loadgen.Workers.run(Workers.java:225)

IOException
Aug 21, 2015 4:11:25 PM loadgen.Workers run
SEVERE: null
java.io.IOException: Server returned HTTP response code: 412 for URL: http://rmfopendj0.cloudapp.net:8080/users/iuser.10
	at sun.net.www.protocol.http.HttpURLConnection.getInputStream0(HttpURLConnection.java:1838)
	at sun.net.www.protocol.http.HttpURLConnection.getInputStream(HttpURLConnection.java:1439)
	at loadgen.Workers.run(Workers.java:225)

